create_grid: nrows 10, ncols 10
show grid:
==========
[001]: *.....**..
[002]: ..*.......
[003]: *.*..*..**
[004]: ...***..*.
[005]: .**.......
[006]: .**..*.**.
[007]: ....*.....
[008]: *.*.*.*...
[009]: *.**...***
[010]: .......**.

grid of vertices:
       001 002 003 004 005 006 007 008 009 010 
       =======================================
[001]: 013 014 015 016 017 018 019 020 021 022 
[002]: 025 026 027 028 029 030 031 032 033 034 
[003]: 037 038 039 040 041 042 043 044 045 046 
[004]: 049 050 051 052 053 054 055 056 057 058 
[005]: 061 062 063 064 065 066 067 068 069 070 
[006]: 073 074 075 076 077 078 079 080 081 082 
[007]: 085 086 087 088 089 090 091 092 093 094 
[008]: 097 098 099 100 101 102 103 104 105 106 
[009]: 109 110 111 112 113 114 115 116 117 118 
[010]: 121 122 123 124 125 126 127 128 129 130 

[1][1] => v = 13 => *
[1][2] => v = 14 => .
[1][3] => v = 15 => .
[1][4] => v = 16 => .
[1][5] => v = 17 => .
[1][6] => v = 18 => .
[1][7] => v = 19 => *
[1][8] => v = 20 => *
[1][9] => v = 21 => .
[1][10] => v = 22 => .
[2][1] => v = 25 => .
[2][2] => v = 26 => .
[2][3] => v = 27 => *
[2][4] => v = 28 => .
[2][5] => v = 29 => .
[2][6] => v = 30 => .
[2][7] => v = 31 => .
[2][8] => v = 32 => .
[2][9] => v = 33 => .
[2][10] => v = 34 => .
[3][1] => v = 37 => *
[3][2] => v = 38 => .
[3][3] => v = 39 => *
[3][4] => v = 40 => .
[3][5] => v = 41 => .
[3][6] => v = 42 => *
[3][7] => v = 43 => .
[3][8] => v = 44 => .
[3][9] => v = 45 => *
[3][10] => v = 46 => *
[4][1] => v = 49 => .
[4][2] => v = 50 => .
[4][3] => v = 51 => .
[4][4] => v = 52 => *
[4][5] => v = 53 => *
[4][6] => v = 54 => *
[4][7] => v = 55 => .
[4][8] => v = 56 => .
[4][9] => v = 57 => *
[4][10] => v = 58 => .
[5][1] => v = 61 => .
[5][2] => v = 62 => *
[5][3] => v = 63 => *
[5][4] => v = 64 => .
[5][5] => v = 65 => .
[5][6] => v = 66 => .
[5][7] => v = 67 => .
[5][8] => v = 68 => .
[5][9] => v = 69 => .
[5][10] => v = 70 => .
[6][1] => v = 73 => .
[6][2] => v = 74 => *
[6][3] => v = 75 => *
[6][4] => v = 76 => .
[6][5] => v = 77 => .
[6][6] => v = 78 => *
[6][7] => v = 79 => .
[6][8] => v = 80 => *
[6][9] => v = 81 => *
[6][10] => v = 82 => .
[7][1] => v = 85 => .
[7][2] => v = 86 => .
[7][3] => v = 87 => .
[7][4] => v = 88 => .
[7][5] => v = 89 => *
[7][6] => v = 90 => .
[7][7] => v = 91 => .
[7][8] => v = 92 => .
[7][9] => v = 93 => .
[7][10] => v = 94 => .
[8][1] => v = 97 => *
[8][2] => v = 98 => .
[8][3] => v = 99 => *
[8][4] => v = 100 => .
[8][5] => v = 101 => *
[8][6] => v = 102 => .
[8][7] => v = 103 => *
[8][8] => v = 104 => .
[8][9] => v = 105 => .
[8][10] => v = 106 => .
[9][1] => v = 109 => *
[9][2] => v = 110 => .
[9][3] => v = 111 => *
[9][4] => v = 112 => *
[9][5] => v = 113 => .
[9][6] => v = 114 => .
[9][7] => v = 115 => .
[9][8] => v = 116 => *
[9][9] => v = 117 => *
[9][10] => v = 118 => *
[10][1] => v = 121 => .
[10][2] => v = 122 => .
[10][3] => v = 123 => .
[10][4] => v = 124 => .
[10][5] => v = 125 => .
[10][6] => v = 126 => .
[10][7] => v = 127 => .
[10][8] => v = 128 => *
[10][9] => v = 129 => *
[10][10] => v = 130 => .
show graph of pathways:
============================================
printing graph...
01: 
02: 
03: 
04: 
05: 
06: 
07: 
08: 
09: 
10: 
11: 
12: 
13: 
14:  (14 15),  (14 25),  (14 26), 
15:  (15 14),  (15 16),  (15 26),  (15 28), 
16:  (16 15),  (16 17),  (16 28),  (16 29), 
17:  (17 16),  (17 18),  (17 28),  (17 29),  (17 30), 
18:  (18 17),  (18 29),  (18 30),  (18 31), 
19: 
20: 
21:  (21 22),  (21 32),  (21 33),  (21 34), 
22:  (22 21),  (22 33),  (22 34), 
23: 
24: 
25:  (25 14),  (25 26),  (25 38), 
26:  (26 14),  (26 15),  (26 25),  (26 38), 
27: 
28:  (28 15),  (28 16),  (28 17),  (28 29),  (28 40),  (28 41), 
29:  (29 16),  (29 17),  (29 18),  (29 28),  (29 30),  (29 40),  (29 41), 
30:  (30 17),  (30 18),  (30 29),  (30 31),  (30 41),  (30 43), 
31:  (31 18),  (31 30),  (31 32),  (31 43),  (31 44), 
32:  (32 21),  (32 31),  (32 33),  (32 43),  (32 44), 
33:  (33 21),  (33 22),  (33 32),  (33 34),  (33 44), 
34:  (34 21),  (34 22),  (34 33), 
35: 
36: 
37: 
38:  (38 25),  (38 26),  (38 49),  (38 50),  (38 51), 
39: 
40:  (40 28),  (40 29),  (40 41),  (40 51), 
41:  (41 28),  (41 29),  (41 30),  (41 40), 
42: 
43:  (43 30),  (43 31),  (43 32),  (43 44),  (43 55),  (43 56), 
44:  (44 31),  (44 32),  (44 33),  (44 43),  (44 55),  (44 56), 
45: 
46: 
47: 
48: 
49:  (49 38),  (49 50),  (49 61), 
50:  (50 38),  (50 49),  (50 51),  (50 61), 
51:  (51 38),  (51 40),  (51 50),  (51 64), 
52: 
53: 
54: 
55:  (55 43),  (55 44),  (55 56),  (55 66),  (55 67),  (55 68), 
56:  (56 43),  (56 44),  (56 55),  (56 67),  (56 68),  (56 69), 
57: 
58:  (58 69),  (58 70), 
59: 
60: 
61:  (61 49),  (61 50),  (61 73), 
62: 
63: 
64:  (64 51),  (64 65),  (64 76),  (64 77), 
65:  (65 64),  (65 66),  (65 76),  (65 77), 
66:  (66 55),  (66 65),  (66 67),  (66 77),  (66 79), 
67:  (67 55),  (67 56),  (67 66),  (67 68),  (67 79), 
68:  (68 55),  (68 56),  (68 67),  (68 69),  (68 79), 
69:  (69 56),  (69 58),  (69 68),  (69 70),  (69 82), 
70:  (70 58),  (70 69),  (70 82), 
71: 
72: 
73:  (73 61),  (73 85),  (73 86), 
74: 
75: 
76:  (76 64),  (76 65),  (76 77),  (76 87),  (76 88), 
77:  (77 64),  (77 65),  (77 66),  (77 76),  (77 88),  (77 90), 
78: 
79:  (79 66),  (79 67),  (79 68),  (79 90),  (79 91),  (79 92), 
80: 
81: 
82:  (82 69),  (82 70),  (82 93),  (82 94), 
83: 
84: 
85:  (85 73),  (85 86),  (85 98), 
86:  (86 73),  (86 85),  (86 87),  (86 98), 
87:  (87 76),  (87 86),  (87 88),  (87 98),  (87 100), 
88:  (88 76),  (88 77),  (88 87),  (88 100), 
89: 
90:  (90 77),  (90 79),  (90 91),  (90 102), 
91:  (91 79),  (91 90),  (91 92),  (91 102),  (91 104), 
92:  (92 79),  (92 91),  (92 93),  (92 104),  (92 105), 
93:  (93 82),  (93 92),  (93 94),  (93 104),  (93 105),  (93 106), 
94:  (94 82),  (94 93),  (94 105),  (94 106), 
95: 
96: 
97: 
98:  (98 85),  (98 86),  (98 87),  (98 110), 
99: 
100:  (100 87),  (100 88),  (100 113), 
101: 
102:  (102 90),  (102 91),  (102 113),  (102 114),  (102 115), 
103: 
104:  (104 91),  (104 92),  (104 93),  (104 105),  (104 115), 
105:  (105 92),  (105 93),  (105 94),  (105 104),  (105 106), 
106:  (106 93),  (106 94),  (106 105), 
107: 
108: 
109: 
110:  (110 98),  (110 121),  (110 122),  (110 123), 
111: 
112: 
113:  (113 100),  (113 102),  (113 114),  (113 124),  (113 125),  (113 126), 
114:  (114 102),  (114 113),  (114 115),  (114 125),  (114 126),  (114 127), 
115:  (115 102),  (115 104),  (115 114),  (115 126),  (115 127), 
116: 
117: 
118: 
119: 
120: 
121:  (121 110),  (121 122), 
122:  (122 110),  (122 121),  (122 123), 
123:  (123 110),  (123 122),  (123 124), 
124:  (124 113),  (124 123),  (124 125), 
125:  (125 113),  (125 114),  (125 124),  (125 126), 
126:  (126 113),  (126 114),  (126 115),  (126 125),  (126 127), 
127:  (127 114),  (127 115),  (127 126), 
128: 
129: 
130: 
131: 
132: 
133: 
134: 
135: 
136: 
137: 
138: 
139: 
140: 
141: 
142: 
143: 
144: 
bfs - enter
bfs - found (v=121, p=110)
bfs - found (v=121, p=122)
bfs - found (v=110, p=98)
bfs - found (v=110, p=123)
bfs - found (v=98, p=85)
bfs - found (v=98, p=86)
bfs - found (v=98, p=87)
bfs - found (v=123, p=124)
bfs - found (v=85, p=73)
bfs - found (v=87, p=76)
bfs - found (v=87, p=88)
bfs - found (v=87, p=100)
bfs - found (v=124, p=113)
bfs - found (v=124, p=125)
bfs - found (v=73, p=61)
bfs - found (v=76, p=64)
bfs - found (v=76, p=65)
bfs - found (v=76, p=77)
bfs - found (v=113, p=102)
bfs - found (v=113, p=114)
bfs - found (v=113, p=126)
bfs - found (v=61, p=49)
bfs - found (v=61, p=50)
bfs - found (v=64, p=51)
bfs - found (v=65, p=66)
bfs - found (v=77, p=90)
bfs - found (v=102, p=91)
bfs - found (v=102, p=115)
bfs - found (v=114, p=127)
bfs - found (v=49, p=38)
bfs - found (v=51, p=40)
bfs - found (v=66, p=55)
bfs - found (v=66, p=67)
bfs - found (v=66, p=79)
bfs - found (v=91, p=92)
bfs - found (v=91, p=104)
bfs - found (v=38, p=25)
bfs - found (v=38, p=26)
bfs - found (v=40, p=28)
bfs - found (v=40, p=29)
bfs - found (v=40, p=41)
bfs - found (v=55, p=43)
bfs - found (v=55, p=44)
bfs - found (v=55, p=56)
bfs - found (v=55, p=68)
bfs - found (v=92, p=93)
bfs - found (v=92, p=105)
bfs - found (v=25, p=14)
bfs - found (v=26, p=15)
bfs - found (v=28, p=16)
bfs - found (v=28, p=17)
bfs - found (v=29, p=18)
bfs - found (v=29, p=30)
bfs - found (v=43, p=31)
bfs - found (v=43, p=32)
bfs - found (v=44, p=33)
bfs - found (v=56, p=69)
bfs - found (v=93, p=82)
bfs - found (v=93, p=94)
bfs - found (v=93, p=106)
bfs - found (v=32, p=21)
bfs - found (v=33, p=22)
bfs - found (v=33, p=34)
bfs - found (v=69, p=58)
bfs - found (v=69, p=70)
============================================
parents[0] = 0
parents[1] = -1
parents[2] = -1
parents[3] = -1
parents[4] = -1
parents[5] = -1
parents[6] = -1
parents[7] = -1
parents[8] = -1
parents[9] = -1
parents[10] = -1
parents[11] = -1
parents[12] = -1
parents[13] = -1
parents[14] = 25
parents[15] = 26
parents[16] = 28
parents[17] = 28
parents[18] = 29
parents[19] = -1
parents[20] = -1
parents[21] = 32
parents[22] = 33
parents[23] = -1
parents[24] = -1
parents[25] = 38
parents[26] = 38
parents[27] = -1
parents[28] = 40
parents[29] = 40
parents[30] = 29
parents[31] = 43
parents[32] = 43
parents[33] = 44
parents[34] = 33
parents[35] = -1
parents[36] = -1
parents[37] = -1
parents[38] = 49
parents[39] = -1
parents[40] = 51
parents[41] = 40
parents[42] = -1
parents[43] = 55
parents[44] = 55
parents[45] = -1
parents[46] = -1
parents[47] = -1
parents[48] = -1
parents[49] = 61
parents[50] = 61
parents[51] = 64
parents[52] = -1
parents[53] = -1
parents[54] = -1
parents[55] = 66
parents[56] = 55
parents[57] = -1
parents[58] = 69
parents[59] = -1
parents[60] = -1
parents[61] = 73
parents[62] = -1
parents[63] = -1
parents[64] = 76
parents[65] = 76
parents[66] = 65
parents[67] = 66
parents[68] = 55
parents[69] = 56
parents[70] = 69
parents[71] = -1
parents[72] = -1
parents[73] = 85
parents[74] = -1
parents[75] = -1
parents[76] = 87
parents[77] = 76
parents[78] = -1
parents[79] = 66
parents[80] = -1
parents[81] = -1
parents[82] = 93
parents[83] = -1
parents[84] = -1
parents[85] = 98
parents[86] = 98
parents[87] = 98
parents[88] = 87
parents[89] = -1
parents[90] = 77
parents[91] = 102
parents[92] = 91
parents[93] = 92
parents[94] = 93
parents[95] = -1
parents[96] = -1
parents[97] = -1
parents[98] = 110
parents[99] = -1
parents[100] = 87
parents[101] = -1
parents[102] = 113
parents[103] = -1
parents[104] = 91
parents[105] = 92
parents[106] = 93
parents[107] = -1
parents[108] = -1
parents[109] = -1
parents[110] = 121
parents[111] = -1
parents[112] = -1
parents[113] = 124
parents[114] = 113
parents[115] = 102
parents[116] = -1
parents[117] = -1
parents[118] = -1
parents[119] = -1
parents[120] = -1
parents[121] = -1
parents[122] = 121
parents[123] = 110
parents[124] = 123
parents[125] = 124
parents[126] = 113
parents[127] = 114
parents[128] = -1
parents[129] = -1
parents[130] = -1
parents[131] = -1
parents[132] = -1
parents[133] = -1
parents[134] = -1
parents[135] = -1
parents[136] = -1
parents[137] = -1
parents[138] = -1
parents[139] = -1
parents[140] = -1
parents[141] = -1
parents[142] = -1
parents[143] = -1
parent[22] = 33
parent[33] = 44
parent[44] = 55
parent[55] = 66
parent[66] = 65
parent[65] = 76
parent[76] = 87
parent[87] = 98
parent[98] = 110
parent[110] = 121
parent[121] = -1

121, 110, 98, 87, 76, 65, 66, 55, 44, 33, 22,