creating new node..13
creating new node..3
creating new node..4
left: out of balance
avl_double_left
creating new node..12
creating new node..14
creating new node..10
right: out of balance
avl_single_right
creating new node..5
left: out of balance
avl_single_left
left: out of balance
avl_double_left
creating new node..1
creating new node..8
creating new node..2
left: out of balance
avl_double_left
creating new node..7
right: out of balance
avl_single_right
left: out of balance
avl_double_left
creating new node..9
creating new node..11
right: out of balance
avl_single_right
creating new node..6
right: out of balance
avl_single_right
creating new node..18
                 .-----------------(008)----------------------.                 
       .-------(004)------------.              .------------(013)--.            
  .--(002)--.         .-------(007)       .--(010)-------.       (014)--.       
(001)     (003)     (005)--.            (009)       .--(012)          (018)     
                         (006)                    (011)                         
                                                                                
                                                                                
                                                                                
                                                                                
                                                                                
                                                                                
                                                                                
                                                                                
                                                                                
                                                                                
                                                                                
v: 1
v: 2
v: 3
v: 4
v: 5
v: 6
v: 7
v: 8
v: 9
v: 10
v: 11
v: 12
v: 13
v: 14
v: 18
height = 5
